<?xml version="1.0" encoding="utf-8"?><testsuites><testsuite name="pytest" errors="0" failures="1" skipped="0" tests="2" time="0.038" timestamp="2021-06-12T10:31:19.313834" hostname="Shraddhas-MacBook-Air.local"><testcase classname="tests.test_smoke" name="test_fake" time="0.000" /><testcase classname="tests.test_smoke" name="test_fail" time="0.000"><failure message="assert False">def test_fail():
&gt;       assert False
E       assert False

tests/test_smoke.py:5: AssertionError</failure></testcase></testsuite></testsuites>